<?xml version="1.0" encoding="UTF-8"?>
<!-- Generated by org.testng.reporters.JUnitXMLReporter -->
<testsuite ignored="2" hostname="CLMC02SH12YG8WM" failures="0" tests="0" time="8.159" errors="0" timestamp="08 Jul 2019 20:10:07 GMT">
  <testcase classname="iOS_Tests.MainBase" name="@BeforeSuite setUp" time="0.0">
    <ignored/>
  </testcase> <!-- @BeforeSuite setUp -->
  <testcase classname="iOS_Tests.MainBase" name="@AfterSuite tearDown" time="0.0">
    <ignored/>
  </testcase> <!-- @AfterSuite tearDown -->
</testsuite>
