<?xml version="1.0" encoding="UTF-8"?>
<testsuite xmlns:xsi="http://www.w3.org/2001/XMLSchema-instance" xsi:noNamespaceSchemaLocation="https://maven.apache.org/surefire/maven-surefire-plugin/xsd/surefire-test-report.xsd" name="TestSuite" time="107.332" tests="19" errors="0" skipped="0" failures="2">
  <properties>
[...]
</properties>
  <testcase name="MakePayment_PayWithCards" classname="iOS_Tests.MakePayment_TestSample" time="1.654"/>
  <testcase name="MakePayment_CameraAllow" classname="iOS_Tests.MakePayment_TestSample" time="6.241"/>
  <testcase name="MakePayment_ContinueEnable_Default1" classname="iOS_Tests.MakePayment_TestSample" time="0.885"/>
  <testcase name="MakePayment_MoreInfoIcon" classname="iOS_Tests.MakePayment_TestSample" time="4.563"/>
  <testcase name="MakePayment_ContinueEnable_Default2" classname="iOS_Tests.MakePayment_TestSample" time="10.945"/>
  <testcase name="MakePayment_Amount_ErrorM1" classname="iOS_Tests.MakePayment_TestSample" time="10.463"/>
  <testcase name="MakePayment_Amount_ContinueDisabled1" classname="iOS_Tests.MakePayment_TestSample" time="0.83"/>
  <testcase name="MakePayment_Amount_ErrorM2" classname="iOS_Tests.MakePayment_TestSample" time="9.873"/>
  <testcase name="MakePayment_Amount_ContinueDisabled2" classname="iOS_Tests.MakePayment_TestSample" time="0.824"/>
  <testcase name="MakePayment_Amount_SpecialSign1" classname="iOS_Tests.MakePayment_TestSample" time="12.545">
    <failure type="java.lang.AssertionError:">java.lang.AssertionError: null
	at iOS_Tests.MakePayment_TestSample.MakePayment_Amount_SpecialSign1(MakePayment_TestSample.java:195)
</failure>
    <system-out><![CDATA[LISTENER: The Test -MakePayment_Amount_SpecialSign1- is Starting
LISTENER: The Test -MakePayment_Amount_SpecialSign1- is Starting
INFO: The special signs should not put in the Amount field ... Failed
LISTENER: Placed screen shot in /Users/mj621194/Documents/Maven_Projects/ios_test_samples//ER_screenshots/MakePayment_Amount_SpecialSign1.png
LISTENER: Test failed ... MakePayment_Amount_SpecialSign1 --- org.testng.TestRunner@54ca9420
]]></system-out>
  </testcase>
  <testcase name="MakePayment_Amount_SpecialSign2" classname="iOS_Tests.MakePayment_TestSample" time="0.308"/>
  <testcase name="MakePayment_Amount_SpecialSign3" classname="iOS_Tests.MakePayment_TestSample" time="1.881"/>
  <testcase name="MakePayment_Amount_SpecialSign4" classname="iOS_Tests.MakePayment_TestSample" time="0.507">
    <failure message="expected [true] but found [false]" type="java.lang.AssertionError">java.lang.AssertionError: expected [true] but found [false]
	at iOS_Tests.MakePayment_TestSample.MakePayment_Amount_SpecialSign4(MakePayment_TestSample.java:236)
</failure>
    <system-out><![CDATA[LISTENER: The Test -MakePayment_Amount_SpecialSign4- is Starting
LISTENER: The Test -MakePayment_Amount_SpecialSign4- is Starting
LISTENER: Placed screen shot in /Users/mj621194/Documents/Maven_Projects/ios_test_samples//ER_screenshots/MakePayment_Amount_SpecialSign4.png
LISTENER: Test failed ... MakePayment_Amount_SpecialSign4 --- org.testng.TestRunner@54ca9420
]]></system-out>
  </testcase>
  <testcase name="MakePayment_Name_Empty" classname="iOS_Tests.MakePayment_TestSample" time="4.54"/>
  <testcase name="MakePayment_Name_FillAgain" classname="iOS_Tests.MakePayment_TestSample" time="2.731"/>
  <testcase name="MakePayment_Zip_Empty" classname="iOS_Tests.MakePayment_TestSample" time="4.857"/>
  <testcase name="MakePayment_Zip_Less5Numbers1" classname="iOS_Tests.MakePayment_TestSample" time="2.53"/>
  <testcase name="MakePayment_Zip_Less5Numbers2" classname="iOS_Tests.MakePayment_TestSample" time="0.794"/>
  <testcase name="MakePayment_Cancel" classname="iOS_Tests.MakePayment_TestSample" time="3.778"/>
</testsuite>